<?xml version="1.0" encoding="UTF-8"?>
<!-- Generated by org.testng.reporters.JUnitReportReporter -->
<testsuite hostname="DESKTOP-L6N98KA" failures="0" tests="1" name="com.example.demo.RequirementParserTest" time="1.130" errors="0" timestamp="2022-02-27T07:03:38 EST" skipped="0">
  <testcase classname="com.example.demo.RequirementParserTest" name="performParallelTask" time="1.130"/>
  <system-out/>
</testsuite> <!-- com.example.demo.RequirementParserTest -->
